<?xml version="1.0" encoding="UTF-8" ?>
<testsuite errors="0" skipped="0" tests="3" time="0.796" failures="0" name="org.xbrlapi.data.bdbxml.tests.StoreImplConstructorTestCase">
  <properties>
    <property value="Sun Microsystems Inc." name="java.vendor"/>
    <property value="local/dell:/tmp/.ICE-unix/6024" name="env.SESSION_MANAGER"/>
    <property value="| /usr/bin/lesspipe %s" name="env.LESSOPEN"/>
    <property value="/home/geoff/.m2/repository" name="localRepository"/>
    <property value="SUN_STANDARD" name="sun.java.launcher"/>
    <property value="HotSpot 64-Bit Server Compiler" name="sun.management.compiler"/>
    <property value="Linux" name="os.name"/>
    <property value="../test.configuration.properties" name="xbrlapi.test.configuration"/>
    <property value="/usr/lib/jvm/java-1.5.0-sun-1.5.0.16/jre/lib/rt.jar:/usr/lib/jvm/java-1.5.0-sun-1.5.0.16/jre/lib/i18n.jar:/usr/lib/jvm/java-1.5.0-sun-1.5.0.16/jre/lib/sunrsasign.jar:/usr/lib/jvm/java-1.5.0-sun-1.5.0.16/jre/lib/jsse.jar:/usr/lib/jvm/java-1.5.0-sun-1.5.0.16/jre/lib/jce.jar:/usr/lib/jvm/java-1.5.0-sun-1.5.0.16/jre/lib/charsets.jar:/usr/lib/jvm/java-1.5.0-sun-1.5.0.16/jre/classes" name="sun.boot.class.path"/>
    <property value="/home/geoff/Eclipse/xbrlapi.org/module-bdbxml" name="env.PWD"/>
    <property value="a5500372d8f75182f980d50048dc8607-1245976754.6256-1971445969" name="env.XDG_SESSION_COOKIE"/>
    <property value="gnome" name="sun.desktop"/>
    <property value="en_AU.UTF-8" name="env.LANG"/>
    <property value="Sun Microsystems Inc." name="java.vm.specification.vendor"/>
    <property value="1.5.0_16-b02" name="java.runtime.version"/>
    <property value=":0.0" name="env.DISPLAY"/>
    <property value="geoff" name="user.name"/>
    <property value="/usr/bin/mvn" name="env._"/>
    <property value="geoff" name="env.USER"/>
    <property value="ignoreboth" name="env.HISTCONTROL"/>
    <property value="/bin/bash" name="env.SHELL"/>
    <property value="default" name="env.DESKTOP_SESSION"/>
    <property value="/usr/local/share/:/usr/share/:/usr/share/gdm/" name="env.XDG_DATA_DIRS"/>
    <property value="/usr/dt/lib/nls/msg/%L/%N.cat" name="env.NLSPATH"/>
    <property value="/usr/local/sbin:/usr/local/bin:/usr/sbin:/usr/bin:/sbin:/bin:/usr/games" name="env.PATH"/>
    <property value="en" name="user.language"/>
    <property value="/usr/lib/jvm/java-1.5.0-sun-1.5.0.16/jre/lib/amd64" name="sun.boot.library.path"/>
    <property value="/usr/share/maven2/bin/m2.conf" name="classworlds.conf"/>
    <property value="1.5.0_16" name="java.version"/>
    <property value="Australia/Canberra" name="user.timezone"/>
    <property value="unix:abstract=/tmp/dbus-A3DImd4ecM,guid=d194b5c6ee839b1a8c8377f64a4418b3" name="env.DBUS_SESSION_BUS_ADDRESS"/>
    <property value="64" name="sun.arch.data.model"/>
    <property value="/usr/lib/jvm/java-1.5.0-sun-1.5.0.16/jre/lib/endorsed" name="java.endorsed.dirs"/>
    <property value="" name="sun.cpu.isalist"/>
    <property value="UTF-8" name="sun.jnu.encoding"/>
    <property value="sun.io" name="file.encoding.pkg"/>
    <property value="1" name="env.SHLVL"/>
    <property value="/" name="file.separator"/>
    <property value="Java Platform API Specification" name="java.specification.name"/>
    <property value="this-is-deprecated" name="env.GNOME_DESKTOP_SESSION_ID"/>
    <property value="49.0" name="java.class.version"/>
    <property value="default" name="env.GDMSESSION"/>
    <property value="AU" name="user.country"/>
    <property value="6014" name="env.GNOME_KEYRING_PID"/>
    <property value="/usr/lib/jvm/java-1.5.0-sun-1.5.0.16/jre" name="java.home"/>
    <property value="mixed mode" name="java.vm.info"/>
    <property value="/home/geoff/Programs/tomcat" name="env.CATALINA_HOME"/>
    <property value="geoff" name="env.LOGNAME"/>
    <property value="2.6.27-14-generic" name="os.version"/>
    <property value=":" name="path.separator"/>
    <property value="1.5.0_16-b02" name="java.vm.version"/>
    <property value="/usr/lib/jvm/java-1.5.0-sun" name="env.JAVA_HOME"/>
    <property value="sun.print.PSPrinterJob" name="java.awt.printerjob"/>
    <property value="xterm" name="env.TERM"/>
    <property value="7" name="env.WINDOWPATH"/>
    <property value="UnicodeLittle" name="sun.io.unicode.encoding"/>
    <property value="/usr/lib/dri:/usr/lib32/dri" name="env.LIBGL_DRIVERS_PATH"/>
    <property value="en_AU.UTF-8" name="env.GDM_LANG"/>
    <property value="/home/geoff" name="user.home"/>
    <property value="/home/geoff/Eclipse/xbrlapi.org" name="env.OLDPWD"/>
    <property value="Sun Microsystems Inc." name="java.specification.vendor"/>
    <property value="132227114" name="env.WINDOWID"/>
    <property value="/usr/lib/jvm/java-1.5.0-sun-1.5.0.16/jre/lib/amd64/server:/usr/lib/jvm/java-1.5.0-sun-1.5.0.16/jre/lib/amd64:/usr/lib/jvm/java-1.5.0-sun-1.5.0.16/jre/../lib/amd64:/usr/local/BerkeleyDBXML-2.4.13/lib:/usr/local/apr/lib:/usr/lib32" name="java.library.path"/>
    <property value="http://java.sun.com/" name="java.vendor.url"/>
    <property value="local" name="env.GDM_XSERVER_LOCATION"/>
    <property value="Sun Microsystems Inc." name="java.vm.vendor"/>
    <property value="/usr/share/maven2" name="maven.home"/>
    <property value="Java(TM) 2 Runtime Environment, Standard Edition" name="java.runtime.name"/>
    <property value="/usr/share/maven2/boot/classworlds.jar" name="java.class.path"/>
    <property value="/usr/dt/app-defaults/%L/Dt" name="env.XFILESEARCHPATH"/>
    <property value="Java Virtual Machine Specification" name="java.vm.specification.name"/>
    <property value="1.0" name="java.vm.specification.version"/>
    <property value="unknown" name="sun.os.patch.level"/>
    <property value="little" name="sun.cpu.endian"/>
    <property value="/etc/gtk/gtkrc:/home/geoff/.gtkrc-1.2-gnome2" name="env.GTK_RC_FILES"/>
    <property value="/home/geoff" name="env.HOME"/>
    <property value="/home/geoff/Eclipse/xbrlapi.org/module-bdbxml/target/test-classes:/home/geoff/Eclipse/xbrlapi.org/module-bdbxml/target/classes:/home/geoff/.m2/repository/org/xbrlapi/xbrlapi-api/5.0/xbrlapi-api-5.0.jar:/home/geoff/.m2/repository/org/xbrlapi/xbrlapi-xlink/5.0/xbrlapi-xlink-5.0.jar:/home/geoff/.m2/repository/org/xbrlapi/xbrlapi-utilities/5.0/xbrlapi-utilities-5.0.jar:/home/geoff/.m2/repository/xml-apis/xml-apis/1.3.04/xml-apis-1.3.04.jar:/home/geoff/.m2/repository/xerces/xercesImpl/2.9.0/xercesImpl-2.9.0.jar:/home/geoff/.m2/repository/log4j/log4j/1.2.13/log4j-1.2.13.jar:/home/geoff/.m2/repository/junit/junit/3.8.1/junit-3.8.1.jar:/home/geoff/.m2/repository/org/xbrlapi/xbrlapi-xmlbase/5.0/xbrlapi-xmlbase-5.0.jar:/home/geoff/.m2/repository/org/xbrlapi/xbrlapi-xpointer/5.0/xbrlapi-xpointer-5.0.jar:/home/geoff/.m2/repository/net/sf/saxon/saxon/9.1/saxon-9.1.jar:/home/geoff/.m2/repository/net/sf/saxon/saxon-dom/9.1/saxon-dom-9.1.jar:/home/geoff/.m2/repository/net/sf/saxon/saxon-s9api/9.1/saxon-s9api-9.1.jar:/home/geoff/.m2/repository/com/oracle/berkeley/db/2.4.13/db-2.4.13.jar:/home/geoff/.m2/repository/com/oracle/berkeley/dbxml/2.4.13/dbxml-2.4.13.jar:" name="surefire.test.class.path"/>
    <property value="/tmp" name="java.io.tmpdir"/>
    <property value="/usr/lib/jvm/java-1.5.0-sun-1.5.0.16/jre/lib/amd64/server:/usr/lib/jvm/java-1.5.0-sun-1.5.0.16/jre/lib/amd64:/usr/lib/jvm/java-1.5.0-sun-1.5.0.16/jre/../lib/amd64:/usr/local/BerkeleyDBXML-2.4.13/lib:/usr/local/apr/lib:/usr/lib32" name="env.LD_LIBRARY_PATH"/>
    <property value="no=00:fi=00:di=01;34:ln=01;36:pi=40;33:so=01;35:do=01;35:bd=40;33;01:cd=40;33;01:or=40;31;01:su=37;41:sg=30;43:tw=30;42:ow=34;42:st=37;44:ex=01;32:*.tar=01;31:*.tgz=01;31:*.svgz=01;31:*.arj=01;31:*.taz=01;31:*.lzh=01;31:*.lzma=01;31:*.zip=01;31:*.z=01;31:*.Z=01;31:*.dz=01;31:*.gz=01;31:*.bz2=01;31:*.bz=01;31:*.tbz2=01;31:*.tz=01;31:*.deb=01;31:*.rpm=01;31:*.jar=01;31:*.rar=01;31:*.ace=01;31:*.zoo=01;31:*.cpio=01;31:*.7z=01;31:*.rz=01;31:*.jpg=01;35:*.jpeg=01;35:*.gif=01;35:*.bmp=01;35:*.pbm=01;35:*.pgm=01;35:*.ppm=01;35:*.tga=01;35:*.xbm=01;35:*.xpm=01;35:*.tif=01;35:*.tiff=01;35:*.png=01;35:*.svg=01;35:*.mng=01;35:*.pcx=01;35:*.mov=01;35:*.mpg=01;35:*.mpeg=01;35:*.m2v=01;35:*.mkv=01;35:*.ogm=01;35:*.mp4=01;35:*.m4v=01;35:*.mp4v=01;35:*.vob=01;35:*.qt=01;35:*.nuv=01;35:*.wmv=01;35:*.asf=01;35:*.rm=01;35:*.rmvb=01;35:*.flc=01;35:*.avi=01;35:*.fli=01;35:*.gl=01;35:*.dl=01;35:*.xcf=01;35:*.xwd=01;35:*.yuv=01;35:*.aac=00;36:*.au=00;36:*.flac=00;36:*.mid=00;36:*.midi=00;36:*.mka=00;36:*.mp3=00;36:*.mpc=00;36:*.ogg=00;36:*.ra=00;36:*.wav=00;36:" name="env.LS_COLORS"/>
    <property value="http://java.sun.com/cgi-bin/bugreport.cgi" name="java.vendor.url.bug"/>
    <property value="/tmp/keyring-YnqkQd/ssh" name="env.SSH_AUTH_SOCK"/>
    <property value="sun.awt.X11GraphicsEnvironment" name="java.awt.graphicsenv"/>
    <property value="amd64" name="os.arch"/>
    <property value="/usr/lib/jvm/java-1.5.0-sun-1.5.0.16/jre/lib/ext" name="java.ext.dirs"/>
    <property value="/home/geoff/Eclipse/xbrlapi.org/module-bdbxml" name="user.dir"/>
    <property value="/home/geoff/.Xauthority" name="env.XAUTHORITY"/>
    <property value="gail:atk-bridge" name="env.GTK_MODULES"/>
    <property value="
" name="line.separator"/>
    <property value="Java HotSpot(TM) 64-Bit Server VM" name="java.vm.name"/>
    <property value="gnome-terminal" name="env.COLORTERM"/>
    <property value="/home/geoff/Eclipse/xbrlapi.org/module-bdbxml" name="basedir"/>
    <property value="/tmp/orbit-geoff" name="env.ORBIT_SOCKETDIR"/>
    <property value="geoff" name="env.USERNAME"/>
    <property value="UTF-8" name="file.encoding"/>
    <property value="1" name="env.MESA_NO_ASM"/>
    <property value="/tmp/keyring-YnqkQd/socket" name="env.GNOME_KEYRING_SOCKET"/>
    <property value="/tmp/seahorse-UJrfbW/S.gpg-agent:6139:1" name="env.GPG_AGENT_INFO"/>
    <property value="1.5" name="java.specification.version"/>
    <property value="/usr/bin/lesspipe %s %s" name="env.LESSCLOSE"/>
  </properties>
  <testcase classname="org.xbrlapi.data.bdbxml.tests.StoreImplConstructorTestCase" time="0.232" name="testStoreImplConstructor"/>
  <testcase classname="org.xbrlapi.data.bdbxml.tests.StoreImplConstructorTestCase" time="0.223" name="testStoreImplConnectsToAnExistingStore"/>
  <testcase classname="org.xbrlapi.data.bdbxml.tests.StoreImplConstructorTestCase" time="0.332" name="testStoreImplCopesWithPeculiarCharacters"/>
</testsuite>